1703035048132|0|statement|connection 55|url jdbc:h2:mem:testdb|     drop table if exists category cascade |     drop table if exists category cascade 
1703035048132|0|statement|connection 55|url jdbc:h2:mem:testdb|     drop table if exists comment cascade |     drop table if exists comment cascade 
1703035048132|0|statement|connection 55|url jdbc:h2:mem:testdb|     drop table if exists post cascade |     drop table if exists post cascade 
1703035048132|0|statement|connection 55|url jdbc:h2:mem:testdb|     drop sequence if exists comment_seq|     drop sequence if exists comment_seq
1703035048133|0|statement|connection 55|url jdbc:h2:mem:testdb|     drop sequence if exists post_seq|     drop sequence if exists post_seq
1703158822669|0|statement|connection 55|url jdbc:h2:mem:testdb|     drop table if exists category cascade |     drop table if exists category cascade 
1703158822670|0|statement|connection 55|url jdbc:h2:mem:testdb|     drop table if exists comment cascade |     drop table if exists comment cascade 
1703158822670|0|statement|connection 55|url jdbc:h2:mem:testdb|     drop table if exists post cascade |     drop table if exists post cascade 
1703158822670|0|statement|connection 55|url jdbc:h2:mem:testdb|     drop sequence if exists comment_seq|     drop sequence if exists comment_seq
1703158822670|0|statement|connection 55|url jdbc:h2:mem:testdb|     drop sequence if exists post_seq|     drop sequence if exists post_seq
1703817095687|0|statement|connection 121|url jdbc:h2:mem:testdb|     drop table if exists category cascade |     drop table if exists category cascade 
1703817095688|0|statement|connection 121|url jdbc:h2:mem:testdb|     drop table if exists comment cascade |     drop table if exists comment cascade 
1703817095688|0|statement|connection 121|url jdbc:h2:mem:testdb|     drop table if exists post cascade |     drop table if exists post cascade 
1703817095688|0|statement|connection 121|url jdbc:h2:mem:testdb|     drop sequence if exists comment_seq|     drop sequence if exists comment_seq
1703817214356|0|statement|connection 121|url jdbc:h2:mem:testdb|     drop table if exists category cascade |     drop table if exists category cascade 
1703817214356|0|statement|connection 121|url jdbc:h2:mem:testdb|     drop table if exists comment cascade |     drop table if exists comment cascade 
1703817214356|0|statement|connection 121|url jdbc:h2:mem:testdb|     drop table if exists post cascade |     drop table if exists post cascade 
1703817214356|0|statement|connection 121|url jdbc:h2:mem:testdb|     drop sequence if exists comment_seq|     drop sequence if exists comment_seq
1703831303458|0|statement|connection 121|url jdbc:h2:mem:testdb|     drop table if exists category cascade |     drop table if exists category cascade 
1703831303458|0|statement|connection 121|url jdbc:h2:mem:testdb|     drop table if exists comment cascade |     drop table if exists comment cascade 
1703831303459|0|statement|connection 121|url jdbc:h2:mem:testdb|     drop table if exists post cascade |     drop table if exists post cascade 
1703831303459|0|statement|connection 121|url jdbc:h2:mem:testdb|     drop sequence if exists comment_seq|     drop sequence if exists comment_seq
1703831507454|0|statement|connection 121|url jdbc:h2:mem:testdb|     drop table if exists category cascade |     drop table if exists category cascade 
1703831507454|0|statement|connection 121|url jdbc:h2:mem:testdb|     drop table if exists comment cascade |     drop table if exists comment cascade 
1703831507454|0|statement|connection 121|url jdbc:h2:mem:testdb|     drop table if exists post cascade |     drop table if exists post cascade 
1703831507454|0|statement|connection 121|url jdbc:h2:mem:testdb|     drop sequence if exists comment_seq|     drop sequence if exists comment_seq
1703831754681|0|statement|connection 121|url jdbc:h2:mem:testdb|     drop table if exists category cascade |     drop table if exists category cascade 
1703831754682|0|statement|connection 121|url jdbc:h2:mem:testdb|     drop table if exists comment cascade |     drop table if exists comment cascade 
1703831754682|0|statement|connection 121|url jdbc:h2:mem:testdb|     drop table if exists post cascade |     drop table if exists post cascade 
1703831754682|0|statement|connection 121|url jdbc:h2:mem:testdb|     drop sequence if exists comment_seq|     drop sequence if exists comment_seq
1703831860019|0|statement|connection 121|url jdbc:h2:mem:testdb|     drop table if exists category cascade |     drop table if exists category cascade 
1703831860020|0|statement|connection 121|url jdbc:h2:mem:testdb|     drop table if exists comment cascade |     drop table if exists comment cascade 
1703831860020|0|statement|connection 121|url jdbc:h2:mem:testdb|     drop table if exists post cascade |     drop table if exists post cascade 
1703831860020|0|statement|connection 121|url jdbc:h2:mem:testdb|     drop sequence if exists comment_seq|     drop sequence if exists comment_seq
1703858908818|0|statement|connection 70|url jdbc:h2:mem:testdb|     drop table if exists category cascade |     drop table if exists category cascade 
1703858908819|0|statement|connection 70|url jdbc:h2:mem:testdb|     drop table if exists comment cascade |     drop table if exists comment cascade 
1703858908819|0|statement|connection 70|url jdbc:h2:mem:testdb|     drop table if exists post cascade |     drop table if exists post cascade 
1703858908819|0|statement|connection 70|url jdbc:h2:mem:testdb|     drop sequence if exists comment_seq|     drop sequence if exists comment_seq
1703939689195|0|statement|connection 135|url jdbc:h2:mem:testdb|     drop table if exists category cascade |     drop table if exists category cascade 
1703939689196|0|statement|connection 135|url jdbc:h2:mem:testdb|     drop table if exists comment cascade |     drop table if exists comment cascade 
1703939689196|0|statement|connection 135|url jdbc:h2:mem:testdb|     drop table if exists post cascade |     drop table if exists post cascade 
1703939762619|0|statement|connection 135|url jdbc:h2:mem:testdb|     drop table if exists category cascade |     drop table if exists category cascade 
1703939762619|0|statement|connection 135|url jdbc:h2:mem:testdb|     drop table if exists comment cascade |     drop table if exists comment cascade 
1703939762619|0|statement|connection 135|url jdbc:h2:mem:testdb|     drop table if exists post cascade |     drop table if exists post cascade 
1703940182851|0|statement|connection 135|url jdbc:h2:mem:testdb|     drop table if exists category cascade |     drop table if exists category cascade 
1703940182852|0|statement|connection 135|url jdbc:h2:mem:testdb|     drop table if exists comment cascade |     drop table if exists comment cascade 
1703940182852|0|statement|connection 135|url jdbc:h2:mem:testdb|     drop table if exists post cascade |     drop table if exists post cascade 
1704014410488|0|statement|connection 148|url jdbc:h2:mem:testdb|     drop table if exists category cascade |     drop table if exists category cascade 
1704014410489|0|statement|connection 148|url jdbc:h2:mem:testdb|     drop table if exists comment cascade |     drop table if exists comment cascade 
1704014410489|0|statement|connection 148|url jdbc:h2:mem:testdb|     drop table if exists post cascade |     drop table if exists post cascade 
1704015232701|0|statement|connection 148|url jdbc:h2:mem:testdb|     drop table if exists category cascade |     drop table if exists category cascade 
1704015232701|0|statement|connection 148|url jdbc:h2:mem:testdb|     drop table if exists comment cascade |     drop table if exists comment cascade 
1704015232701|0|statement|connection 148|url jdbc:h2:mem:testdb|     drop table if exists post cascade |     drop table if exists post cascade 
1704016239292|0|statement|connection 148|url jdbc:h2:mem:testdb|     drop table if exists category cascade |     drop table if exists category cascade 
1704016239293|0|statement|connection 148|url jdbc:h2:mem:testdb|     drop table if exists comment cascade |     drop table if exists comment cascade 
1704016239293|0|statement|connection 148|url jdbc:h2:mem:testdb|     drop table if exists post cascade |     drop table if exists post cascade 
1704016404319|0|statement|connection 148|url jdbc:h2:mem:testdb|     drop table if exists category cascade |     drop table if exists category cascade 
1704016404320|0|statement|connection 148|url jdbc:h2:mem:testdb|     drop table if exists comment cascade |     drop table if exists comment cascade 
1704016404320|0|statement|connection 148|url jdbc:h2:mem:testdb|     drop table if exists post cascade |     drop table if exists post cascade 
1704018936011|0|statement|connection 148|url jdbc:h2:mem:testdb|     drop table if exists category cascade |     drop table if exists category cascade 
1704018936012|0|statement|connection 148|url jdbc:h2:mem:testdb|     drop table if exists comment cascade |     drop table if exists comment cascade 
1704018936012|0|statement|connection 148|url jdbc:h2:mem:testdb|     drop table if exists post cascade |     drop table if exists post cascade 
1704270967703|0|statement|connection 148|url jdbc:h2:mem:testdb|     drop table if exists category cascade |     drop table if exists category cascade 
1704270967705|0|statement|connection 148|url jdbc:h2:mem:testdb|     drop table if exists comment cascade |     drop table if exists comment cascade 
1704270967705|0|statement|connection 148|url jdbc:h2:mem:testdb|     drop table if exists post cascade |     drop table if exists post cascade 
1704270985954|0|statement|connection 148|url jdbc:h2:mem:testdb|     drop table if exists category cascade |     drop table if exists category cascade 
1704270985954|0|statement|connection 148|url jdbc:h2:mem:testdb|     drop table if exists comment cascade |     drop table if exists comment cascade 
1704270985954|0|statement|connection 148|url jdbc:h2:mem:testdb|     drop table if exists post cascade |     drop table if exists post cascade 
1704271068861|0|statement|connection 148|url jdbc:h2:mem:testdb|     drop table if exists category cascade |     drop table if exists category cascade 
1704271068861|0|statement|connection 148|url jdbc:h2:mem:testdb|     drop table if exists comment cascade |     drop table if exists comment cascade 
1704271068861|0|statement|connection 148|url jdbc:h2:mem:testdb|     drop table if exists post cascade |     drop table if exists post cascade 
1704375365241|0|statement|connection 233|url jdbc:h2:mem:testdb|     drop table if exists category cascade |     drop table if exists category cascade 
1704375365241|0|statement|connection 233|url jdbc:h2:mem:testdb|     drop table if exists comment cascade |     drop table if exists comment cascade 
1704375365241|0|statement|connection 233|url jdbc:h2:mem:testdb|     drop table if exists post cascade |     drop table if exists post cascade 
1704375401745|0|statement|connection 226|url jdbc:h2:mem:testdb|     drop table if exists category cascade |     drop table if exists category cascade 
1704375401745|0|statement|connection 226|url jdbc:h2:mem:testdb|     drop table if exists comment cascade |     drop table if exists comment cascade 
1704375401745|0|statement|connection 226|url jdbc:h2:mem:testdb|     drop table if exists post cascade |     drop table if exists post cascade 
1704376900780|0|statement|connection 228|url jdbc:h2:mem:testdb|     drop table if exists category cascade |     drop table if exists category cascade 
1704376900780|0|statement|connection 228|url jdbc:h2:mem:testdb|     drop table if exists comment cascade |     drop table if exists comment cascade 
1704376900780|0|statement|connection 228|url jdbc:h2:mem:testdb|     drop table if exists post cascade |     drop table if exists post cascade 
1704886170741|0|statement|connection 136|url jdbc:h2:mem:testdb|     drop table if exists category cascade |     drop table if exists category cascade 
1704886170742|0|statement|connection 136|url jdbc:h2:mem:testdb|     drop table if exists comment cascade |     drop table if exists comment cascade 
1704886170742|0|statement|connection 136|url jdbc:h2:mem:testdb|     drop table if exists post cascade |     drop table if exists post cascade 
1704886170742|0|statement|connection 136|url jdbc:h2:mem:testdb|     drop table if exists users cascade |     drop table if exists users cascade 
1704886170747|0|statement|connection 137|url jdbc:h2:mem:testdb|     drop table if exists category cascade |     drop table if exists category cascade 
1704886170747|0|statement|connection 137|url jdbc:h2:mem:testdb|     drop table if exists comment cascade |     drop table if exists comment cascade 
1704886170747|0|statement|connection 137|url jdbc:h2:mem:testdb|     drop table if exists post cascade |     drop table if exists post cascade 
1704886170747|0|statement|connection 137|url jdbc:h2:mem:testdb|     drop table if exists users cascade |     drop table if exists users cascade 
1704886240376|0|statement|connection 137|url jdbc:h2:mem:testdb|     drop table if exists category cascade |     drop table if exists category cascade 
1704886240377|0|statement|connection 137|url jdbc:h2:mem:testdb|     drop table if exists comment cascade |     drop table if exists comment cascade 
1704886240377|0|statement|connection 137|url jdbc:h2:mem:testdb|     drop table if exists post cascade |     drop table if exists post cascade 
1704886240377|0|statement|connection 137|url jdbc:h2:mem:testdb|     drop table if exists users cascade |     drop table if exists users cascade 
1704886240383|0|statement|connection 138|url jdbc:h2:mem:testdb|     drop table if exists category cascade |     drop table if exists category cascade 
1704886240383|0|statement|connection 138|url jdbc:h2:mem:testdb|     drop table if exists comment cascade |     drop table if exists comment cascade 
1704886240383|0|statement|connection 138|url jdbc:h2:mem:testdb|     drop table if exists post cascade |     drop table if exists post cascade 
1704886240383|0|statement|connection 138|url jdbc:h2:mem:testdb|     drop table if exists users cascade |     drop table if exists users cascade 
1704888816216|0|statement|connection 245|url jdbc:h2:mem:testdb|     drop table if exists category cascade |     drop table if exists category cascade 
1704888816216|0|statement|connection 245|url jdbc:h2:mem:testdb|     drop table if exists comment cascade |     drop table if exists comment cascade 
1704888816216|0|statement|connection 245|url jdbc:h2:mem:testdb|     drop table if exists post cascade |     drop table if exists post cascade 
1704888816216|0|statement|connection 245|url jdbc:h2:mem:testdb|     drop table if exists users cascade |     drop table if exists users cascade 
1704888816221|0|statement|connection 246|url jdbc:h2:mem:testdb|     drop table if exists category cascade |     drop table if exists category cascade 
1704888816221|0|statement|connection 246|url jdbc:h2:mem:testdb|     drop table if exists comment cascade |     drop table if exists comment cascade 
1704888816221|0|statement|connection 246|url jdbc:h2:mem:testdb|     drop table if exists post cascade |     drop table if exists post cascade 
1704888816221|0|statement|connection 246|url jdbc:h2:mem:testdb|     drop table if exists users cascade |     drop table if exists users cascade 
1704888952427|0|statement|connection 248|url jdbc:h2:mem:testdb|     drop table if exists category cascade |     drop table if exists category cascade 
1704888952428|0|statement|connection 248|url jdbc:h2:mem:testdb|     drop table if exists comment cascade |     drop table if exists comment cascade 
1704888952428|0|statement|connection 248|url jdbc:h2:mem:testdb|     drop table if exists post cascade |     drop table if exists post cascade 
1704888952428|0|statement|connection 248|url jdbc:h2:mem:testdb|     drop table if exists users cascade |     drop table if exists users cascade 
1704888952432|0|statement|connection 249|url jdbc:h2:mem:testdb|     drop table if exists category cascade |     drop table if exists category cascade 
1704888952434|0|statement|connection 249|url jdbc:h2:mem:testdb|     drop table if exists comment cascade |     drop table if exists comment cascade 
1704888952434|0|statement|connection 249|url jdbc:h2:mem:testdb|     drop table if exists post cascade |     drop table if exists post cascade 
1704888952434|0|statement|connection 249|url jdbc:h2:mem:testdb|     drop table if exists users cascade |     drop table if exists users cascade 
1704889020647|0|statement|connection 254|url jdbc:h2:mem:testdb|     drop table if exists category cascade |     drop table if exists category cascade 
1704889020647|0|statement|connection 254|url jdbc:h2:mem:testdb|     drop table if exists comment cascade |     drop table if exists comment cascade 
1704889020648|0|statement|connection 254|url jdbc:h2:mem:testdb|     drop table if exists post cascade |     drop table if exists post cascade 
1704889020648|0|statement|connection 254|url jdbc:h2:mem:testdb|     drop table if exists users cascade |     drop table if exists users cascade 
1704889020653|0|statement|connection 255|url jdbc:h2:mem:testdb|     drop table if exists category cascade |     drop table if exists category cascade 
1704889020654|0|statement|connection 255|url jdbc:h2:mem:testdb|     drop table if exists comment cascade |     drop table if exists comment cascade 
1704889020654|0|statement|connection 255|url jdbc:h2:mem:testdb|     drop table if exists post cascade |     drop table if exists post cascade 
1704889020654|0|statement|connection 255|url jdbc:h2:mem:testdb|     drop table if exists users cascade |     drop table if exists users cascade 
1704971451960|0|statement|connection 246|url jdbc:h2:mem:testdb|     drop table if exists category cascade |     drop table if exists category cascade 
1704971451961|0|statement|connection 246|url jdbc:h2:mem:testdb|     drop table if exists comment cascade |     drop table if exists comment cascade 
1704971451961|0|statement|connection 246|url jdbc:h2:mem:testdb|     drop table if exists post cascade |     drop table if exists post cascade 
1704971451961|0|statement|connection 246|url jdbc:h2:mem:testdb|     drop table if exists users cascade |     drop table if exists users cascade 
1704971451968|0|statement|connection 247|url jdbc:h2:mem:testdb|     drop table if exists category cascade |     drop table if exists category cascade 
1704971451968|0|statement|connection 247|url jdbc:h2:mem:testdb|     drop table if exists comment cascade |     drop table if exists comment cascade 
1704971451968|0|statement|connection 247|url jdbc:h2:mem:testdb|     drop table if exists post cascade |     drop table if exists post cascade 
1704971451969|0|statement|connection 247|url jdbc:h2:mem:testdb|     drop table if exists users cascade |     drop table if exists users cascade 
1704973418541|0|statement|connection 252|url jdbc:h2:mem:testdb|     drop table if exists category cascade |     drop table if exists category cascade 
1704973418542|0|statement|connection 252|url jdbc:h2:mem:testdb|     drop table if exists comment cascade |     drop table if exists comment cascade 
1704973418542|0|statement|connection 252|url jdbc:h2:mem:testdb|     drop table if exists post cascade |     drop table if exists post cascade 
1704973418542|0|statement|connection 252|url jdbc:h2:mem:testdb|     drop table if exists users cascade |     drop table if exists users cascade 
1704973418547|0|statement|connection 253|url jdbc:h2:mem:testdb|     drop table if exists category cascade |     drop table if exists category cascade 
1704973418547|0|statement|connection 253|url jdbc:h2:mem:testdb|     drop table if exists comment cascade |     drop table if exists comment cascade 
1704973418547|0|statement|connection 253|url jdbc:h2:mem:testdb|     drop table if exists post cascade |     drop table if exists post cascade 
1704973418547|0|statement|connection 253|url jdbc:h2:mem:testdb|     drop table if exists users cascade |     drop table if exists users cascade 
1704975425702|0|statement|connection 37|url jdbc:h2:mem:testdb|     drop table if exists category cascade |     drop table if exists category cascade 
1704975425703|0|statement|connection 37|url jdbc:h2:mem:testdb|     drop table if exists comment cascade |     drop table if exists comment cascade 
1704975425703|0|statement|connection 37|url jdbc:h2:mem:testdb|     drop table if exists post cascade |     drop table if exists post cascade 
1704975425703|0|statement|connection 37|url jdbc:h2:mem:testdb|     drop table if exists users cascade |     drop table if exists users cascade 
1704975530668|0|statement|connection 37|url jdbc:h2:mem:testdb|     drop table if exists category cascade |     drop table if exists category cascade 
1704975530668|0|statement|connection 37|url jdbc:h2:mem:testdb|     drop table if exists comment cascade |     drop table if exists comment cascade 
1704975530669|0|statement|connection 37|url jdbc:h2:mem:testdb|     drop table if exists post cascade |     drop table if exists post cascade 
1704975530669|0|statement|connection 37|url jdbc:h2:mem:testdb|     drop table if exists users cascade |     drop table if exists users cascade 
1704975605675|0|statement|connection 37|url jdbc:h2:mem:testdb|     drop table if exists category cascade |     drop table if exists category cascade 
1704975605675|0|statement|connection 37|url jdbc:h2:mem:testdb|     drop table if exists comment cascade |     drop table if exists comment cascade 
1704975605675|0|statement|connection 37|url jdbc:h2:mem:testdb|     drop table if exists post cascade |     drop table if exists post cascade 
1704975605675|0|statement|connection 37|url jdbc:h2:mem:testdb|     drop table if exists users cascade |     drop table if exists users cascade 
1704978903666|0|statement|connection 37|url jdbc:h2:mem:testdb|     drop table if exists category cascade |     drop table if exists category cascade 
1704978903667|0|statement|connection 37|url jdbc:h2:mem:testdb|     drop table if exists comment cascade |     drop table if exists comment cascade 
1704978903667|0|statement|connection 37|url jdbc:h2:mem:testdb|     drop table if exists post cascade |     drop table if exists post cascade 
1704978903668|0|statement|connection 37|url jdbc:h2:mem:testdb|     drop table if exists users cascade |     drop table if exists users cascade 
1704979032634|0|statement|connection 37|url jdbc:h2:mem:testdb|     drop table if exists category cascade |     drop table if exists category cascade 
1704979032635|0|statement|connection 37|url jdbc:h2:mem:testdb|     drop table if exists comment cascade |     drop table if exists comment cascade 
1704979032635|0|statement|connection 37|url jdbc:h2:mem:testdb|     drop table if exists post cascade |     drop table if exists post cascade 
1704979032635|0|statement|connection 37|url jdbc:h2:mem:testdb|     drop table if exists users cascade |     drop table if exists users cascade 
1704979131052|0|statement|connection 37|url jdbc:h2:mem:testdb|     drop table if exists category cascade |     drop table if exists category cascade 
1704979131052|0|statement|connection 37|url jdbc:h2:mem:testdb|     drop table if exists comment cascade |     drop table if exists comment cascade 
1704979131052|0|statement|connection 37|url jdbc:h2:mem:testdb|     drop table if exists post cascade |     drop table if exists post cascade 
1704979131052|0|statement|connection 37|url jdbc:h2:mem:testdb|     drop table if exists users cascade |     drop table if exists users cascade 
1704979211632|0|statement|connection 37|url jdbc:h2:mem:testdb|     drop table if exists category cascade |     drop table if exists category cascade 
1704979211632|0|statement|connection 37|url jdbc:h2:mem:testdb|     drop table if exists comment cascade |     drop table if exists comment cascade 
1704979211632|0|statement|connection 37|url jdbc:h2:mem:testdb|     drop table if exists post cascade |     drop table if exists post cascade 
1704979211632|0|statement|connection 37|url jdbc:h2:mem:testdb|     drop table if exists users cascade |     drop table if exists users cascade 
1704979614602|0|statement|connection 37|url jdbc:h2:mem:testdb|     drop table if exists category cascade |     drop table if exists category cascade 
1704979614603|0|statement|connection 37|url jdbc:h2:mem:testdb|     drop table if exists comment cascade |     drop table if exists comment cascade 
1704979614603|0|statement|connection 37|url jdbc:h2:mem:testdb|     drop table if exists post cascade |     drop table if exists post cascade 
1704979614603|0|statement|connection 37|url jdbc:h2:mem:testdb|     drop table if exists users cascade |     drop table if exists users cascade 
1704979689013|0|statement|connection 31|url jdbc:h2:mem:testdb|     drop table if exists category cascade |     drop table if exists category cascade 
1704979689014|0|statement|connection 31|url jdbc:h2:mem:testdb|     drop table if exists comment cascade |     drop table if exists comment cascade 
1704979689014|0|statement|connection 31|url jdbc:h2:mem:testdb|     drop table if exists post cascade |     drop table if exists post cascade 
1704979689014|0|statement|connection 31|url jdbc:h2:mem:testdb|     drop table if exists users cascade |     drop table if exists users cascade 
1704979715916|0|statement|connection 31|url jdbc:h2:mem:testdb|     drop table if exists category cascade |     drop table if exists category cascade 
1704979715917|0|statement|connection 31|url jdbc:h2:mem:testdb|     drop table if exists comment cascade |     drop table if exists comment cascade 
1704979715917|0|statement|connection 31|url jdbc:h2:mem:testdb|     drop table if exists post cascade |     drop table if exists post cascade 
1704979715917|0|statement|connection 31|url jdbc:h2:mem:testdb|     drop table if exists users cascade |     drop table if exists users cascade 
1704979756296|0|statement|connection 37|url jdbc:h2:mem:testdb|     drop table if exists category cascade |     drop table if exists category cascade 
1704979756296|0|statement|connection 37|url jdbc:h2:mem:testdb|     drop table if exists comment cascade |     drop table if exists comment cascade 
1704979756296|0|statement|connection 37|url jdbc:h2:mem:testdb|     drop table if exists post cascade |     drop table if exists post cascade 
1704979756296|0|statement|connection 37|url jdbc:h2:mem:testdb|     drop table if exists users cascade |     drop table if exists users cascade 
1704979775717|0|statement|connection 37|url jdbc:h2:mem:testdb|     drop table if exists category cascade |     drop table if exists category cascade 
1704979775717|0|statement|connection 37|url jdbc:h2:mem:testdb|     drop table if exists comment cascade |     drop table if exists comment cascade 
1704979775718|0|statement|connection 37|url jdbc:h2:mem:testdb|     drop table if exists post cascade |     drop table if exists post cascade 
1704979775718|0|statement|connection 37|url jdbc:h2:mem:testdb|     drop table if exists users cascade |     drop table if exists users cascade 
1704979822681|0|statement|connection 37|url jdbc:h2:mem:testdb|     drop table if exists category cascade |     drop table if exists category cascade 
1704979822681|0|statement|connection 37|url jdbc:h2:mem:testdb|     drop table if exists comment cascade |     drop table if exists comment cascade 
1704979822681|0|statement|connection 37|url jdbc:h2:mem:testdb|     drop table if exists post cascade |     drop table if exists post cascade 
1704979822681|0|statement|connection 37|url jdbc:h2:mem:testdb|     drop table if exists users cascade |     drop table if exists users cascade 
1704979852886|0|statement|connection 38|url jdbc:h2:mem:testdb|     drop table if exists category cascade |     drop table if exists category cascade 
1704979852887|0|statement|connection 38|url jdbc:h2:mem:testdb|     drop table if exists comment cascade |     drop table if exists comment cascade 
1704979852887|0|statement|connection 38|url jdbc:h2:mem:testdb|     drop table if exists post cascade |     drop table if exists post cascade 
1704979852887|0|statement|connection 38|url jdbc:h2:mem:testdb|     drop table if exists users cascade |     drop table if exists users cascade 
1704979877257|0|statement|connection 39|url jdbc:h2:mem:testdb|     drop table if exists category cascade |     drop table if exists category cascade 
1704979877258|0|statement|connection 39|url jdbc:h2:mem:testdb|     drop table if exists comment cascade |     drop table if exists comment cascade 
1704979877258|0|statement|connection 39|url jdbc:h2:mem:testdb|     drop table if exists post cascade |     drop table if exists post cascade 
1704979877258|0|statement|connection 39|url jdbc:h2:mem:testdb|     drop table if exists users cascade |     drop table if exists users cascade 
1704979890061|0|statement|connection 40|url jdbc:h2:mem:testdb|     drop table if exists category cascade |     drop table if exists category cascade 
1704979890062|0|statement|connection 40|url jdbc:h2:mem:testdb|     drop table if exists comment cascade |     drop table if exists comment cascade 
1704979890062|0|statement|connection 40|url jdbc:h2:mem:testdb|     drop table if exists post cascade |     drop table if exists post cascade 
1704979890062|0|statement|connection 40|url jdbc:h2:mem:testdb|     drop table if exists users cascade |     drop table if exists users cascade 
1704979908530|0|statement|connection 253|url jdbc:h2:mem:testdb|     drop table if exists category cascade |     drop table if exists category cascade 
1704979908530|0|statement|connection 253|url jdbc:h2:mem:testdb|     drop table if exists comment cascade |     drop table if exists comment cascade 
1704979908530|0|statement|connection 253|url jdbc:h2:mem:testdb|     drop table if exists post cascade |     drop table if exists post cascade 
1704979908530|0|statement|connection 253|url jdbc:h2:mem:testdb|     drop table if exists users cascade |     drop table if exists users cascade 
1704979908535|0|statement|connection 254|url jdbc:h2:mem:testdb|     drop table if exists category cascade |     drop table if exists category cascade 
1704979908536|0|statement|connection 254|url jdbc:h2:mem:testdb|     drop table if exists comment cascade |     drop table if exists comment cascade 
1704979908536|0|statement|connection 254|url jdbc:h2:mem:testdb|     drop table if exists post cascade |     drop table if exists post cascade 
1704979908536|0|statement|connection 254|url jdbc:h2:mem:testdb|     drop table if exists users cascade |     drop table if exists users cascade 
1704980420907|0|statement|connection 253|url jdbc:h2:mem:testdb|     drop table if exists category cascade |     drop table if exists category cascade 
1704980420907|0|statement|connection 253|url jdbc:h2:mem:testdb|     drop table if exists comment cascade |     drop table if exists comment cascade 
1704980420907|0|statement|connection 253|url jdbc:h2:mem:testdb|     drop table if exists post cascade |     drop table if exists post cascade 
1704980420907|0|statement|connection 253|url jdbc:h2:mem:testdb|     drop table if exists users cascade |     drop table if exists users cascade 
1704980420912|0|statement|connection 254|url jdbc:h2:mem:testdb|     drop table if exists category cascade |     drop table if exists category cascade 
1704980420912|0|statement|connection 254|url jdbc:h2:mem:testdb|     drop table if exists comment cascade |     drop table if exists comment cascade 
1704980420912|0|statement|connection 254|url jdbc:h2:mem:testdb|     drop table if exists post cascade |     drop table if exists post cascade 
1704980420912|0|statement|connection 254|url jdbc:h2:mem:testdb|     drop table if exists users cascade |     drop table if exists users cascade 
1704980516322|0|statement|connection 254|url jdbc:h2:mem:testdb|     drop table if exists category cascade |     drop table if exists category cascade 
1704980516322|0|statement|connection 254|url jdbc:h2:mem:testdb|     drop table if exists comment cascade |     drop table if exists comment cascade 
1704980516322|0|statement|connection 254|url jdbc:h2:mem:testdb|     drop table if exists post cascade |     drop table if exists post cascade 
1704980516323|0|statement|connection 254|url jdbc:h2:mem:testdb|     drop table if exists users cascade |     drop table if exists users cascade 
1704980516328|0|statement|connection 255|url jdbc:h2:mem:testdb|     drop table if exists category cascade |     drop table if exists category cascade 
1704980516328|0|statement|connection 255|url jdbc:h2:mem:testdb|     drop table if exists comment cascade |     drop table if exists comment cascade 
1704980516328|0|statement|connection 255|url jdbc:h2:mem:testdb|     drop table if exists post cascade |     drop table if exists post cascade 
1704980516329|0|statement|connection 255|url jdbc:h2:mem:testdb|     drop table if exists users cascade |     drop table if exists users cascade 
1704980884185|0|statement|connection 254|url jdbc:h2:mem:testdb|     drop table if exists category cascade |     drop table if exists category cascade 
1704980884185|0|statement|connection 254|url jdbc:h2:mem:testdb|     drop table if exists comment cascade |     drop table if exists comment cascade 
1704980884185|0|statement|connection 254|url jdbc:h2:mem:testdb|     drop table if exists post cascade |     drop table if exists post cascade 
1704980884185|0|statement|connection 254|url jdbc:h2:mem:testdb|     drop table if exists users cascade |     drop table if exists users cascade 
1704980884191|0|statement|connection 255|url jdbc:h2:mem:testdb|     drop table if exists category cascade |     drop table if exists category cascade 
1704980884191|0|statement|connection 255|url jdbc:h2:mem:testdb|     drop table if exists comment cascade |     drop table if exists comment cascade 
1704980884192|0|statement|connection 255|url jdbc:h2:mem:testdb|     drop table if exists post cascade |     drop table if exists post cascade 
1704980884192|0|statement|connection 255|url jdbc:h2:mem:testdb|     drop table if exists users cascade |     drop table if exists users cascade 
1704981456615|0|statement|connection 40|url jdbc:h2:mem:testdb|     drop table if exists category cascade |     drop table if exists category cascade 
1704981456616|0|statement|connection 40|url jdbc:h2:mem:testdb|     drop table if exists comment cascade |     drop table if exists comment cascade 
1704981456616|0|statement|connection 40|url jdbc:h2:mem:testdb|     drop table if exists post cascade |     drop table if exists post cascade 
1704981456616|0|statement|connection 40|url jdbc:h2:mem:testdb|     drop table if exists users cascade |     drop table if exists users cascade 
1704981492234|0|statement|connection 254|url jdbc:h2:mem:testdb|     drop table if exists category cascade |     drop table if exists category cascade 
1704981492235|0|statement|connection 254|url jdbc:h2:mem:testdb|     drop table if exists comment cascade |     drop table if exists comment cascade 
1704981492235|0|statement|connection 254|url jdbc:h2:mem:testdb|     drop table if exists post cascade |     drop table if exists post cascade 
1704981492235|0|statement|connection 254|url jdbc:h2:mem:testdb|     drop table if exists users cascade |     drop table if exists users cascade 
1704981492240|0|statement|connection 255|url jdbc:h2:mem:testdb|     drop table if exists category cascade |     drop table if exists category cascade 
1704981492240|0|statement|connection 255|url jdbc:h2:mem:testdb|     drop table if exists comment cascade |     drop table if exists comment cascade 
1704981492240|0|statement|connection 255|url jdbc:h2:mem:testdb|     drop table if exists post cascade |     drop table if exists post cascade 
1704981492240|0|statement|connection 255|url jdbc:h2:mem:testdb|     drop table if exists users cascade |     drop table if exists users cascade 
1704981629570|0|statement|connection 254|url jdbc:h2:mem:testdb|     drop table if exists category cascade |     drop table if exists category cascade 
1704981629571|0|statement|connection 254|url jdbc:h2:mem:testdb|     drop table if exists comment cascade |     drop table if exists comment cascade 
1704981629571|0|statement|connection 254|url jdbc:h2:mem:testdb|     drop table if exists post cascade |     drop table if exists post cascade 
1704981629571|0|statement|connection 254|url jdbc:h2:mem:testdb|     drop table if exists users cascade |     drop table if exists users cascade 
1704981629576|0|statement|connection 255|url jdbc:h2:mem:testdb|     drop table if exists category cascade |     drop table if exists category cascade 
1704981629577|0|statement|connection 255|url jdbc:h2:mem:testdb|     drop table if exists comment cascade |     drop table if exists comment cascade 
1704981629577|0|statement|connection 255|url jdbc:h2:mem:testdb|     drop table if exists post cascade |     drop table if exists post cascade 
1704981629577|0|statement|connection 255|url jdbc:h2:mem:testdb|     drop table if exists users cascade |     drop table if exists users cascade 
1704981701742|0|statement|connection 255|url jdbc:h2:mem:testdb|     drop table if exists category cascade |     drop table if exists category cascade 
1704981701743|0|statement|connection 255|url jdbc:h2:mem:testdb|     drop table if exists comment cascade |     drop table if exists comment cascade 
1704981701743|0|statement|connection 255|url jdbc:h2:mem:testdb|     drop table if exists post cascade |     drop table if exists post cascade 
1704981701743|0|statement|connection 255|url jdbc:h2:mem:testdb|     drop table if exists users cascade |     drop table if exists users cascade 
1704981701749|0|statement|connection 256|url jdbc:h2:mem:testdb|     drop table if exists category cascade |     drop table if exists category cascade 
1704981701749|0|statement|connection 256|url jdbc:h2:mem:testdb|     drop table if exists comment cascade |     drop table if exists comment cascade 
1704981701749|0|statement|connection 256|url jdbc:h2:mem:testdb|     drop table if exists post cascade |     drop table if exists post cascade 
1704981701750|0|statement|connection 256|url jdbc:h2:mem:testdb|     drop table if exists users cascade |     drop table if exists users cascade 
1705305439402|0|statement|connection 263|url jdbc:h2:mem:testdb|     drop table if exists category cascade |     drop table if exists category cascade 
1705305439402|0|statement|connection 263|url jdbc:h2:mem:testdb|     drop table if exists comment cascade |     drop table if exists comment cascade 
1705305439402|0|statement|connection 263|url jdbc:h2:mem:testdb|     drop table if exists post cascade |     drop table if exists post cascade 
1705305439403|0|statement|connection 263|url jdbc:h2:mem:testdb|     drop table if exists users cascade |     drop table if exists users cascade 
1705305439408|0|statement|connection 264|url jdbc:h2:mem:testdb|     drop table if exists category cascade |     drop table if exists category cascade 
1705305439408|0|statement|connection 264|url jdbc:h2:mem:testdb|     drop table if exists comment cascade |     drop table if exists comment cascade 
1705305439409|0|statement|connection 264|url jdbc:h2:mem:testdb|     drop table if exists post cascade |     drop table if exists post cascade 
1705305439409|0|statement|connection 264|url jdbc:h2:mem:testdb|     drop table if exists users cascade |     drop table if exists users cascade 
1713964268365|0|statement|connection 264|url jdbc:h2:mem:testdb|     drop table if exists category cascade |     drop table if exists category cascade 
1713964268366|0|statement|connection 264|url jdbc:h2:mem:testdb|     drop table if exists comment cascade |     drop table if exists comment cascade 
1713964268367|0|statement|connection 264|url jdbc:h2:mem:testdb|     drop table if exists post cascade |     drop table if exists post cascade 
1713964268367|0|statement|connection 264|url jdbc:h2:mem:testdb|     drop table if exists users cascade |     drop table if exists users cascade 
1713964268371|0|statement|connection 265|url jdbc:h2:mem:testdb|     drop table if exists category cascade |     drop table if exists category cascade 
1713964268371|0|statement|connection 265|url jdbc:h2:mem:testdb|     drop table if exists comment cascade |     drop table if exists comment cascade 
1713964268372|0|statement|connection 265|url jdbc:h2:mem:testdb|     drop table if exists post cascade |     drop table if exists post cascade 
1713964268372|0|statement|connection 265|url jdbc:h2:mem:testdb|     drop table if exists users cascade |     drop table if exists users cascade 
1713971076127|0|statement|connection 264|url jdbc:h2:mem:testdb|     drop table if exists category cascade |     drop table if exists category cascade 
1713971076129|0|statement|connection 264|url jdbc:h2:mem:testdb|     drop table if exists comment cascade |     drop table if exists comment cascade 
1713971076129|0|statement|connection 264|url jdbc:h2:mem:testdb|     drop table if exists post cascade |     drop table if exists post cascade 
1713971076129|0|statement|connection 264|url jdbc:h2:mem:testdb|     drop table if exists users cascade |     drop table if exists users cascade 
1713971076135|0|statement|connection 265|url jdbc:h2:mem:testdb|     drop table if exists category cascade |     drop table if exists category cascade 
1713971076135|0|statement|connection 265|url jdbc:h2:mem:testdb|     drop table if exists comment cascade |     drop table if exists comment cascade 
1713971076135|0|statement|connection 265|url jdbc:h2:mem:testdb|     drop table if exists post cascade |     drop table if exists post cascade 
1713971076135|0|statement|connection 265|url jdbc:h2:mem:testdb|     drop table if exists users cascade |     drop table if exists users cascade 
1713971123023|0|statement|connection 263|url jdbc:h2:mem:testdb|     drop table if exists category cascade |     drop table if exists category cascade 
1713971123024|0|statement|connection 263|url jdbc:h2:mem:testdb|     drop table if exists comment cascade |     drop table if exists comment cascade 
1713971123024|0|statement|connection 263|url jdbc:h2:mem:testdb|     drop table if exists post cascade |     drop table if exists post cascade 
1713971123025|0|statement|connection 263|url jdbc:h2:mem:testdb|     drop table if exists users cascade |     drop table if exists users cascade 
1713971123030|0|statement|connection 264|url jdbc:h2:mem:testdb|     drop table if exists category cascade |     drop table if exists category cascade 
1713971123030|0|statement|connection 264|url jdbc:h2:mem:testdb|     drop table if exists comment cascade |     drop table if exists comment cascade 
1713971123030|0|statement|connection 264|url jdbc:h2:mem:testdb|     drop table if exists post cascade |     drop table if exists post cascade 
1713971123030|0|statement|connection 264|url jdbc:h2:mem:testdb|     drop table if exists users cascade |     drop table if exists users cascade 
